<?xml version="1.0" encoding="UTF-8"?>
<testsuite xmlns:xsi="http://www.w3.org/2001/XMLSchema-instance" xsi:noNamespaceSchemaLocation="https://maven.apache.org/surefire/maven-surefire-plugin/xsd/surefire-test-report-3.0.xsd" version="3.0" name="tests.PetStoreTest" time="7.378" tests="3" errors="0" skipped="0" failures="0">
  <properties>
    <property name="java.specification.version" value="17"/>
    <property name="sun.jnu.encoding" value="UTF-8"/>
    <property name="java.class.path" value="/Users/pefepe6/Desktop/VSCodeProjects/swagger-codegen/swagger-demo/target/test-classes:/Users/pefepe6/Desktop/VSCodeProjects/swagger-codegen/swagger-demo/target/classes:/Users/pefepe6/.m2/repository/org/openapitools/openapi-generator-maven-plugin/6.2.0/openapi-generator-maven-plugin-6.2.0.jar:/Users/pefepe6/.m2/repository/org/sonatype/plexus/plexus-build-api/0.0.7/plexus-build-api-0.0.7.jar:/Users/pefepe6/.m2/repository/org/codehaus/plexus/plexus-utils/1.5.8/plexus-utils-1.5.8.jar:/Users/pefepe6/.m2/repository/org/apache/maven/maven-core/3.8.5/maven-core-3.8.5.jar:/Users/pefepe6/.m2/repository/org/apache/maven/maven-model/3.8.5/maven-model-3.8.5.jar:/Users/pefepe6/.m2/repository/org/apache/maven/maven-settings/3.8.5/maven-settings-3.8.5.jar:/Users/pefepe6/.m2/repository/org/apache/maven/maven-settings-builder/3.8.5/maven-settings-builder-3.8.5.jar:/Users/pefepe6/.m2/repository/org/codehaus/plexus/plexus-sec-dispatcher/2.0/plexus-sec-dispatcher-2.0.jar:/Users/pefepe6/.m2/repository/org/codehaus/plexus/plexus-cipher/2.0/plexus-cipher-2.0.jar:/Users/pefepe6/.m2/repository/org/apache/maven/maven-builder-support/3.8.5/maven-builder-support-3.8.5.jar:/Users/pefepe6/.m2/repository/org/apache/maven/maven-repository-metadata/3.8.5/maven-repository-metadata-3.8.5.jar:/Users/pefepe6/.m2/repository/org/apache/maven/maven-artifact/3.8.5/maven-artifact-3.8.5.jar:/Users/pefepe6/.m2/repository/org/apache/maven/maven-model-builder/3.8.5/maven-model-builder-3.8.5.jar:/Users/pefepe6/.m2/repository/org/apache/maven/maven-resolver-provider/3.8.5/maven-resolver-provider-3.8.5.jar:/Users/pefepe6/.m2/repository/org/apache/maven/resolver/maven-resolver-impl/1.6.3/maven-resolver-impl-1.6.3.jar:/Users/pefepe6/.m2/repository/org/apache/maven/resolver/maven-resolver-api/1.6.3/maven-resolver-api-1.6.3.jar:/Users/pefepe6/.m2/repository/org/apache/maven/resolver/maven-resolver-spi/1.6.3/maven-resolver-spi-1.6.3.jar:/Users/pefepe6/.m2/repository/org/apache/maven/resolver/maven-resolver-util/1.6.3/maven-resolver-util-1.6.3.jar:/Users/pefepe6/.m2/repository/org/apache/maven/shared/maven-shared-utils/3.3.4/maven-shared-utils-3.3.4.jar:/Users/pefepe6/.m2/repository/org/eclipse/sisu/org.eclipse.sisu.plexus/0.3.5/org.eclipse.sisu.plexus-0.3.5.jar:/Users/pefepe6/.m2/repository/org/eclipse/sisu/org.eclipse.sisu.inject/0.3.5/org.eclipse.sisu.inject-0.3.5.jar:/Users/pefepe6/.m2/repository/com/google/inject/guice/4.2.2/guice-4.2.2-no_aop.jar:/Users/pefepe6/.m2/repository/aopalliance/aopalliance/1.0/aopalliance-1.0.jar:/Users/pefepe6/.m2/repository/javax/inject/javax.inject/1/javax.inject-1.jar:/Users/pefepe6/.m2/repository/org/codehaus/plexus/plexus-classworlds/2.6.0/plexus-classworlds-2.6.0.jar:/Users/pefepe6/.m2/repository/org/codehaus/plexus/plexus-interpolation/1.26/plexus-interpolation-1.26.jar:/Users/pefepe6/.m2/repository/org/codehaus/plexus/plexus-component-annotations/2.1.0/plexus-component-annotations-2.1.0.jar:/Users/pefepe6/.m2/repository/org/apache/commons/commons-lang3/3.8.1/commons-lang3-3.8.1.jar:/Users/pefepe6/.m2/repository/org/apache/maven/maven-compat/3.8.5/maven-compat-3.8.5.jar:/Users/pefepe6/.m2/repository/org/apache/maven/wagon/wagon-provider-api/3.5.1/wagon-provider-api-3.5.1.jar:/Users/pefepe6/.m2/repository/org/apache/maven/maven-plugin-api/3.8.5/maven-plugin-api-3.8.5.jar:/Users/pefepe6/.m2/repository/org/apache/maven/plugin-tools/maven-plugin-annotations/3.6.4/maven-plugin-annotations-3.6.4.jar:/Users/pefepe6/.m2/repository/org/openapitools/openapi-generator/6.2.0/openapi-generator-6.2.0.jar:/Users/pefepe6/.m2/repository/io/swagger/parser/v3/swagger-parser/2.1.1/swagger-parser-2.1.1.jar:/Users/pefepe6/.m2/repository/io/swagger/parser/v3/swagger-parser-v2-converter/2.1.1/swagger-parser-v2-converter-2.1.1.jar:/Users/pefepe6/.m2/repository/io/swagger/swagger-core/1.6.6/swagger-core-1.6.6.jar:/Users/pefepe6/.m2/repository/io/swagger/swagger-models/1.6.6/swagger-models-1.6.6.jar:/Users/pefepe6/.m2/repository/javax/validation/validation-api/1.1.0.Final/validation-api-1.1.0.Final.jar:/Users/pefepe6/.m2/repository/io/swagger/swagger-parser/1.0.61/swagger-parser-1.0.61.jar:/Users/pefepe6/.m2/repository/io/swagger/swagger-compat-spec-parser/1.0.61/swagger-compat-spec-parser-1.0.61.jar:/Users/pefepe6/.m2/repository/com/github/java-json-tools/json-schema-validator/2.2.14/json-schema-validator-2.2.14.jar:/Users/pefepe6/.m2/repository/com/github/java-json-tools/jackson-coreutils-equivalence/1.0/jackson-coreutils-equivalence-1.0.jar:/Users/pefepe6/.m2/repository/com/github/java-json-tools/json-schema-core/1.2.14/json-schema-core-1.2.14.jar:/Users/pefepe6/.m2/repository/com/github/java-json-tools/uri-template/0.10/uri-template-0.10.jar:/Users/pefepe6/.m2/repository/org/mozilla/rhino/1.7.7.2/rhino-1.7.7.2.jar:/Users/pefepe6/.m2/repository/com/sun/mail/mailapi/1.6.2/mailapi-1.6.2.jar:/Users/pefepe6/.m2/repository/com/googlecode/libphonenumber/libphonenumber/8.11.1/libphonenumber-8.11.1.jar:/Users/pefepe6/.m2/repository/net/sf/jopt-simple/jopt-simple/5.0.4/jopt-simple-5.0.4.jar:/Users/pefepe6/.m2/repository/com/github/java-json-tools/json-patch/1.13/json-patch-1.13.jar:/Users/pefepe6/.m2/repository/com/github/java-json-tools/msg-simple/1.2/msg-simple-1.2.jar:/Users/pefepe6/.m2/repository/com/github/java-json-tools/btf/1.3/btf-1.3.jar:/Users/pefepe6/.m2/repository/com/github/java-json-tools/jackson-coreutils/2.0/jackson-coreutils-2.0.jar:/Users/pefepe6/.m2/repository/io/swagger/core/v3/swagger-models/2.2.1/swagger-models-2.2.1.jar:/Users/pefepe6/.m2/repository/io/swagger/parser/v3/swagger-parser-core/2.1.1/swagger-parser-core-2.1.1.jar:/Users/pefepe6/.m2/repository/io/swagger/parser/v3/swagger-parser-v3/2.1.1/swagger-parser-v3-2.1.1.jar:/Users/pefepe6/.m2/repository/io/swagger/core/v3/swagger-core/2.2.1/swagger-core-2.2.1.jar:/Users/pefepe6/.m2/repository/jakarta/xml/bind/jakarta.xml.bind-api/2.3.2/jakarta.xml.bind-api-2.3.2.jar:/Users/pefepe6/.m2/repository/jakarta/activation/jakarta.activation-api/1.2.1/jakarta.activation-api-1.2.1.jar:/Users/pefepe6/.m2/repository/com/fasterxml/jackson/datatype/jackson-datatype-jsr310/2.13.2/jackson-datatype-jsr310-2.13.2.jar:/Users/pefepe6/.m2/repository/jakarta/validation/jakarta.validation-api/2.0.2/jakarta.validation-api-2.0.2.jar:/Users/pefepe6/.m2/repository/com/fasterxml/jackson/dataformat/jackson-dataformat-yaml/2.13.2/jackson-dataformat-yaml-2.13.2.jar:/Users/pefepe6/.m2/repository/org/yaml/snakeyaml/1.30/snakeyaml-1.30.jar:/Users/pefepe6/.m2/repository/com/samskivert/jmustache/1.14/jmustache-1.14.jar:/Users/pefepe6/.m2/repository/com/github/jknack/handlebars/4.2.1/handlebars-4.2.1.jar:/Users/pefepe6/.m2/repository/com/github/jknack/handlebars-jackson2/4.2.1/handlebars-jackson2-4.2.1.jar:/Users/pefepe6/.m2/repository/commons-io/commons-io/2.11.0/commons-io-2.11.0.jar:/Users/pefepe6/.m2/repository/org/slf4j/slf4j-ext/1.7.36/slf4j-ext-1.7.36.jar:/Users/pefepe6/.m2/repository/org/slf4j/slf4j-simple/1.7.36/slf4j-simple-1.7.36.jar:/Users/pefepe6/.m2/repository/org/apache/commons/commons-text/1.9/commons-text-1.9.jar:/Users/pefepe6/.m2/repository/commons-cli/commons-cli/1.4/commons-cli-1.4.jar:/Users/pefepe6/.m2/repository/com/google/guava/guava/30.1.1-jre/guava-30.1.1-jre.jar:/Users/pefepe6/.m2/repository/com/google/guava/failureaccess/1.0.1/failureaccess-1.0.1.jar:/Users/pefepe6/.m2/repository/com/google/guava/listenablefuture/9999.0-empty-to-avoid-conflict-with-guava/listenablefuture-9999.0-empty-to-avoid-conflict-with-guava.jar:/Users/pefepe6/.m2/repository/org/checkerframework/checker-qual/3.8.0/checker-qual-3.8.0.jar:/Users/pefepe6/.m2/repository/com/google/errorprone/error_prone_annotations/2.5.1/error_prone_annotations-2.5.1.jar:/Users/pefepe6/.m2/repository/com/google/j2objc/j2objc-annotations/1.3/j2objc-annotations-1.3.jar:/Users/pefepe6/.m2/repository/com/fasterxml/jackson/datatype/jackson-datatype-guava/2.13.4/jackson-datatype-guava-2.13.4.jar:/Users/pefepe6/.m2/repository/com/fasterxml/jackson/core/jackson-core/2.13.4/jackson-core-2.13.4.jar:/Users/pefepe6/.m2/repository/com/atlassian/commonmark/commonmark/0.11.0/commonmark-0.11.0.jar:/Users/pefepe6/.m2/repository/com/github/mifmif/generex/1.0.2/generex-1.0.2.jar:/Users/pefepe6/.m2/repository/dk/brics/automaton/automaton/1.11-8/automaton-1.11-8.jar:/Users/pefepe6/.m2/repository/com/github/curious-odd-man/rgxgen/1.3/rgxgen-1.3.jar:/Users/pefepe6/.m2/repository/com/fasterxml/jackson/core/jackson-databind/2.13.4/jackson-databind-2.13.4.jar:/Users/pefepe6/.m2/repository/com/fasterxml/jackson/core/jackson-annotations/2.13.4/jackson-annotations-2.13.4.jar:/Users/pefepe6/.m2/repository/com/fasterxml/jackson/datatype/jackson-datatype-joda/2.13.4/jackson-datatype-joda-2.13.4.jar:/Users/pefepe6/.m2/repository/com/github/joschi/jackson/jackson-datatype-threetenbp/2.10.0/jackson-datatype-threetenbp-2.10.0.jar:/Users/pefepe6/.m2/repository/org/threeten/threetenbp/1.4.0/threetenbp-1.4.0.jar:/Users/pefepe6/.m2/repository/org/openapitools/openapi-generator-core/6.2.0/openapi-generator-core-6.2.0.jar:/Users/pefepe6/.m2/repository/net/java/dev/jna/jna/5.5.0/jna-5.5.0.jar:/Users/pefepe6/.m2/repository/com/github/ben-manes/caffeine/caffeine/2.8.1/caffeine-2.8.1.jar:/Users/pefepe6/.m2/repository/io/cucumber/cucumber-java/7.12.0/cucumber-java-7.12.0.jar:/Users/pefepe6/.m2/repository/org/apiguardian/apiguardian-api/1.1.2/apiguardian-api-1.1.2.jar:/Users/pefepe6/.m2/repository/io/cucumber/cucumber-junit/7.12.0/cucumber-junit-7.12.0.jar:/Users/pefepe6/.m2/repository/io/cucumber/cucumber-core/7.12.0/cucumber-core-7.12.0.jar:/Users/pefepe6/.m2/repository/io/cucumber/cucumber-gherkin/7.12.0/cucumber-gherkin-7.12.0.jar:/Users/pefepe6/.m2/repository/io/cucumber/cucumber-gherkin-messages/7.12.0/cucumber-gherkin-messages-7.12.0.jar:/Users/pefepe6/.m2/repository/io/cucumber/gherkin/26.2.0/gherkin-26.2.0.jar:/Users/pefepe6/.m2/repository/io/cucumber/messages/22.0.0/messages-22.0.0.jar:/Users/pefepe6/.m2/repository/io/cucumber/tag-expressions/5.0.1/tag-expressions-5.0.1.jar:/Users/pefepe6/.m2/repository/io/cucumber/cucumber-expressions/16.1.2/cucumber-expressions-16.1.2.jar:/Users/pefepe6/.m2/repository/io/cucumber/datatable/7.12.0/datatable-7.12.0.jar:/Users/pefepe6/.m2/repository/io/cucumber/cucumber-plugin/7.12.0/cucumber-plugin-7.12.0.jar:/Users/pefepe6/.m2/repository/io/cucumber/docstring/7.12.0/docstring-7.12.0.jar:/Users/pefepe6/.m2/repository/io/cucumber/html-formatter/20.3.0/html-formatter-20.3.0.jar:/Users/pefepe6/.m2/repository/io/cucumber/junit-xml-formatter/0.2.0/junit-xml-formatter-0.2.0.jar:/Users/pefepe6/.m2/repository/io/cucumber/ci-environment/9.2.0/ci-environment-9.2.0.jar:/Users/pefepe6/.m2/repository/io/cucumber/cucumber-picocontainer/7.12.0/cucumber-picocontainer-7.12.0.jar:/Users/pefepe6/.m2/repository/org/picocontainer/picocontainer/2.15/picocontainer-2.15.jar:/Users/pefepe6/.m2/repository/junit/junit/4.11/junit-4.11.jar:/Users/pefepe6/.m2/repository/org/hamcrest/hamcrest-core/1.3/hamcrest-core-1.3.jar:/Users/pefepe6/.m2/repository/org/assertj/assertj-core/3.23.1/assertj-core-3.23.1.jar:/Users/pefepe6/.m2/repository/net/bytebuddy/byte-buddy/1.12.10/byte-buddy-1.12.10.jar:/Users/pefepe6/.m2/repository/io/rest-assured/rest-assured/5.2.0/rest-assured-5.2.0.jar:/Users/pefepe6/.m2/repository/org/apache/groovy/groovy/4.0.1/groovy-4.0.1.jar:/Users/pefepe6/.m2/repository/org/apache/groovy/groovy-xml/4.0.1/groovy-xml-4.0.1.jar:/Users/pefepe6/.m2/repository/org/apache/httpcomponents/httpclient/4.5.13/httpclient-4.5.13.jar:/Users/pefepe6/.m2/repository/org/apache/httpcomponents/httpcore/4.4.13/httpcore-4.4.13.jar:/Users/pefepe6/.m2/repository/commons-logging/commons-logging/1.2/commons-logging-1.2.jar:/Users/pefepe6/.m2/repository/commons-codec/commons-codec/1.11/commons-codec-1.11.jar:/Users/pefepe6/.m2/repository/org/apache/httpcomponents/httpmime/4.5.13/httpmime-4.5.13.jar:/Users/pefepe6/.m2/repository/org/hamcrest/hamcrest/2.1/hamcrest-2.1.jar:/Users/pefepe6/.m2/repository/org/ccil/cowan/tagsoup/tagsoup/1.2.1/tagsoup-1.2.1.jar:/Users/pefepe6/.m2/repository/io/rest-assured/json-path/5.2.0/json-path-5.2.0.jar:/Users/pefepe6/.m2/repository/org/apache/groovy/groovy-json/4.0.1/groovy-json-4.0.1.jar:/Users/pefepe6/.m2/repository/io/rest-assured/rest-assured-common/5.2.0/rest-assured-common-5.2.0.jar:/Users/pefepe6/.m2/repository/io/rest-assured/xml-path/5.2.0/xml-path-5.2.0.jar:/Users/pefepe6/.m2/repository/net/jodah/failsafe/2.4.4/failsafe-2.4.4.jar:/Users/pefepe6/.m2/repository/ch/qos/logback/logback-core/1.4.4/logback-core-1.4.4.jar:/Users/pefepe6/.m2/repository/org/slf4j/slf4j-api/2.0.3/slf4j-api-2.0.3.jar:/Users/pefepe6/.m2/repository/ch/qos/logback/logback-classic/1.4.4/logback-classic-1.4.4.jar:/Users/pefepe6/.m2/repository/com/google/code/gson/gson/2.10.1/gson-2.10.1.jar:/Users/pefepe6/.m2/repository/io/swagger/swagger-annotations/1.6.8/swagger-annotations-1.6.8.jar:/Users/pefepe6/.m2/repository/io/swagger/core/v3/swagger-annotations/2.2.3/swagger-annotations-2.2.3.jar:/Users/pefepe6/.m2/repository/com/squareup/okhttp/okhttp/2.7.5/okhttp-2.7.5.jar:/Users/pefepe6/.m2/repository/com/squareup/okhttp/logging-interceptor/2.7.5/logging-interceptor-2.7.5.jar:/Users/pefepe6/.m2/repository/com/squareup/okio/okio/3.2.0/okio-3.2.0.jar:/Users/pefepe6/.m2/repository/com/squareup/okio/okio-jvm/3.2.0/okio-jvm-3.2.0.jar:/Users/pefepe6/.m2/repository/org/jetbrains/kotlin/kotlin-stdlib-common/1.6.20/kotlin-stdlib-common-1.6.20.jar:/Users/pefepe6/.m2/repository/org/apache/oltu/oauth2/org.apache.oltu.oauth2.client/1.0.1/org.apache.oltu.oauth2.client-1.0.1.jar:/Users/pefepe6/.m2/repository/org/apache/oltu/oauth2/org.apache.oltu.oauth2.common/1.0.1/org.apache.oltu.oauth2.common-1.0.1.jar:/Users/pefepe6/.m2/repository/org/json/json/20140107/json-20140107.jar:/Users/pefepe6/.m2/repository/org/glassfish/jersey/core/jersey-common/3.0.8/jersey-common-3.0.8.jar:/Users/pefepe6/.m2/repository/jakarta/ws/rs/jakarta.ws.rs-api/3.0.0/jakarta.ws.rs-api-3.0.0.jar:/Users/pefepe6/.m2/repository/jakarta/annotation/jakarta.annotation-api/2.0.0/jakarta.annotation-api-2.0.0.jar:/Users/pefepe6/.m2/repository/jakarta/inject/jakarta.inject-api/2.0.1/jakarta.inject-api-2.0.1.jar:/Users/pefepe6/.m2/repository/org/glassfish/hk2/osgi-resource-locator/1.0.3/osgi-resource-locator-1.0.3.jar:/Users/pefepe6/.m2/repository/javax/ws/rs/javax.ws.rs-api/2.1.1/javax.ws.rs-api-2.1.1.jar:/Users/pefepe6/.m2/repository/javax/annotation/javax.annotation-api/1.3.2/javax.annotation-api-1.3.2.jar:/Users/pefepe6/.m2/repository/io/gsonfire/gson-fire/1.8.5/gson-fire-1.8.5.jar:/Users/pefepe6/.m2/repository/com/squareup/okhttp3/logging-interceptor/4.10.0/logging-interceptor-4.10.0.jar:/Users/pefepe6/.m2/repository/com/squareup/okhttp3/okhttp/4.10.0/okhttp-4.10.0.jar:/Users/pefepe6/.m2/repository/org/jetbrains/kotlin/kotlin-stdlib/1.6.20/kotlin-stdlib-1.6.20.jar:/Users/pefepe6/.m2/repository/org/jetbrains/annotations/13.0/annotations-13.0.jar:/Users/pefepe6/.m2/repository/org/jetbrains/kotlin/kotlin-stdlib-jdk8/1.6.10/kotlin-stdlib-jdk8-1.6.10.jar:/Users/pefepe6/.m2/repository/org/jetbrains/kotlin/kotlin-stdlib-jdk7/1.6.10/kotlin-stdlib-jdk7-1.6.10.jar:/Users/pefepe6/.m2/repository/joda-time/joda-time/2.12.0/joda-time-2.12.0.jar:/Users/pefepe6/.m2/repository/com/google/code/findbugs/jsr305/3.0.2/jsr305-3.0.2.jar:"/>
    <property name="java.vm.vendor" value="Oracle Corporation"/>
    <property name="sun.arch.data.model" value="64"/>
    <property name="java.vendor.url" value="https://java.oracle.com/"/>
    <property name="os.name" value="Mac OS X"/>
    <property name="java.vm.specification.version" value="17"/>
    <property name="sun.java.launcher" value="SUN_STANDARD"/>
    <property name="user.country" value="ES"/>
    <property name="sun.boot.library.path" value="/Library/Java/JavaVirtualMachines/jdk-17.jdk/Contents/Home/lib"/>
    <property name="sun.java.command" value="/Users/pefepe6/Desktop/VSCodeProjects/swagger-codegen/swagger-demo/target/surefire/surefirebooter-20230607110235274_3.jar /Users/pefepe6/Desktop/VSCodeProjects/swagger-codegen/swagger-demo/target/surefire 2023-06-07T11-02-35_248-jvmRun1 surefire-20230607110235274_1tmp surefire_0-20230607110235274_2tmp"/>
    <property name="http.nonProxyHosts" value="local|*.local|169.254/16|*.169.254/16"/>
    <property name="jdk.debug" value="release"/>
    <property name="surefire.test.class.path" value="/Users/pefepe6/Desktop/VSCodeProjects/swagger-codegen/swagger-demo/target/test-classes:/Users/pefepe6/Desktop/VSCodeProjects/swagger-codegen/swagger-demo/target/classes:/Users/pefepe6/.m2/repository/org/openapitools/openapi-generator-maven-plugin/6.2.0/openapi-generator-maven-plugin-6.2.0.jar:/Users/pefepe6/.m2/repository/org/sonatype/plexus/plexus-build-api/0.0.7/plexus-build-api-0.0.7.jar:/Users/pefepe6/.m2/repository/org/codehaus/plexus/plexus-utils/1.5.8/plexus-utils-1.5.8.jar:/Users/pefepe6/.m2/repository/org/apache/maven/maven-core/3.8.5/maven-core-3.8.5.jar:/Users/pefepe6/.m2/repository/org/apache/maven/maven-model/3.8.5/maven-model-3.8.5.jar:/Users/pefepe6/.m2/repository/org/apache/maven/maven-settings/3.8.5/maven-settings-3.8.5.jar:/Users/pefepe6/.m2/repository/org/apache/maven/maven-settings-builder/3.8.5/maven-settings-builder-3.8.5.jar:/Users/pefepe6/.m2/repository/org/codehaus/plexus/plexus-sec-dispatcher/2.0/plexus-sec-dispatcher-2.0.jar:/Users/pefepe6/.m2/repository/org/codehaus/plexus/plexus-cipher/2.0/plexus-cipher-2.0.jar:/Users/pefepe6/.m2/repository/org/apache/maven/maven-builder-support/3.8.5/maven-builder-support-3.8.5.jar:/Users/pefepe6/.m2/repository/org/apache/maven/maven-repository-metadata/3.8.5/maven-repository-metadata-3.8.5.jar:/Users/pefepe6/.m2/repository/org/apache/maven/maven-artifact/3.8.5/maven-artifact-3.8.5.jar:/Users/pefepe6/.m2/repository/org/apache/maven/maven-model-builder/3.8.5/maven-model-builder-3.8.5.jar:/Users/pefepe6/.m2/repository/org/apache/maven/maven-resolver-provider/3.8.5/maven-resolver-provider-3.8.5.jar:/Users/pefepe6/.m2/repository/org/apache/maven/resolver/maven-resolver-impl/1.6.3/maven-resolver-impl-1.6.3.jar:/Users/pefepe6/.m2/repository/org/apache/maven/resolver/maven-resolver-api/1.6.3/maven-resolver-api-1.6.3.jar:/Users/pefepe6/.m2/repository/org/apache/maven/resolver/maven-resolver-spi/1.6.3/maven-resolver-spi-1.6.3.jar:/Users/pefepe6/.m2/repository/org/apache/maven/resolver/maven-resolver-util/1.6.3/maven-resolver-util-1.6.3.jar:/Users/pefepe6/.m2/repository/org/apache/maven/shared/maven-shared-utils/3.3.4/maven-shared-utils-3.3.4.jar:/Users/pefepe6/.m2/repository/org/eclipse/sisu/org.eclipse.sisu.plexus/0.3.5/org.eclipse.sisu.plexus-0.3.5.jar:/Users/pefepe6/.m2/repository/org/eclipse/sisu/org.eclipse.sisu.inject/0.3.5/org.eclipse.sisu.inject-0.3.5.jar:/Users/pefepe6/.m2/repository/com/google/inject/guice/4.2.2/guice-4.2.2-no_aop.jar:/Users/pefepe6/.m2/repository/aopalliance/aopalliance/1.0/aopalliance-1.0.jar:/Users/pefepe6/.m2/repository/javax/inject/javax.inject/1/javax.inject-1.jar:/Users/pefepe6/.m2/repository/org/codehaus/plexus/plexus-classworlds/2.6.0/plexus-classworlds-2.6.0.jar:/Users/pefepe6/.m2/repository/org/codehaus/plexus/plexus-interpolation/1.26/plexus-interpolation-1.26.jar:/Users/pefepe6/.m2/repository/org/codehaus/plexus/plexus-component-annotations/2.1.0/plexus-component-annotations-2.1.0.jar:/Users/pefepe6/.m2/repository/org/apache/commons/commons-lang3/3.8.1/commons-lang3-3.8.1.jar:/Users/pefepe6/.m2/repository/org/apache/maven/maven-compat/3.8.5/maven-compat-3.8.5.jar:/Users/pefepe6/.m2/repository/org/apache/maven/wagon/wagon-provider-api/3.5.1/wagon-provider-api-3.5.1.jar:/Users/pefepe6/.m2/repository/org/apache/maven/maven-plugin-api/3.8.5/maven-plugin-api-3.8.5.jar:/Users/pefepe6/.m2/repository/org/apache/maven/plugin-tools/maven-plugin-annotations/3.6.4/maven-plugin-annotations-3.6.4.jar:/Users/pefepe6/.m2/repository/org/openapitools/openapi-generator/6.2.0/openapi-generator-6.2.0.jar:/Users/pefepe6/.m2/repository/io/swagger/parser/v3/swagger-parser/2.1.1/swagger-parser-2.1.1.jar:/Users/pefepe6/.m2/repository/io/swagger/parser/v3/swagger-parser-v2-converter/2.1.1/swagger-parser-v2-converter-2.1.1.jar:/Users/pefepe6/.m2/repository/io/swagger/swagger-core/1.6.6/swagger-core-1.6.6.jar:/Users/pefepe6/.m2/repository/io/swagger/swagger-models/1.6.6/swagger-models-1.6.6.jar:/Users/pefepe6/.m2/repository/javax/validation/validation-api/1.1.0.Final/validation-api-1.1.0.Final.jar:/Users/pefepe6/.m2/repository/io/swagger/swagger-parser/1.0.61/swagger-parser-1.0.61.jar:/Users/pefepe6/.m2/repository/io/swagger/swagger-compat-spec-parser/1.0.61/swagger-compat-spec-parser-1.0.61.jar:/Users/pefepe6/.m2/repository/com/github/java-json-tools/json-schema-validator/2.2.14/json-schema-validator-2.2.14.jar:/Users/pefepe6/.m2/repository/com/github/java-json-tools/jackson-coreutils-equivalence/1.0/jackson-coreutils-equivalence-1.0.jar:/Users/pefepe6/.m2/repository/com/github/java-json-tools/json-schema-core/1.2.14/json-schema-core-1.2.14.jar:/Users/pefepe6/.m2/repository/com/github/java-json-tools/uri-template/0.10/uri-template-0.10.jar:/Users/pefepe6/.m2/repository/org/mozilla/rhino/1.7.7.2/rhino-1.7.7.2.jar:/Users/pefepe6/.m2/repository/com/sun/mail/mailapi/1.6.2/mailapi-1.6.2.jar:/Users/pefepe6/.m2/repository/com/googlecode/libphonenumber/libphonenumber/8.11.1/libphonenumber-8.11.1.jar:/Users/pefepe6/.m2/repository/net/sf/jopt-simple/jopt-simple/5.0.4/jopt-simple-5.0.4.jar:/Users/pefepe6/.m2/repository/com/github/java-json-tools/json-patch/1.13/json-patch-1.13.jar:/Users/pefepe6/.m2/repository/com/github/java-json-tools/msg-simple/1.2/msg-simple-1.2.jar:/Users/pefepe6/.m2/repository/com/github/java-json-tools/btf/1.3/btf-1.3.jar:/Users/pefepe6/.m2/repository/com/github/java-json-tools/jackson-coreutils/2.0/jackson-coreutils-2.0.jar:/Users/pefepe6/.m2/repository/io/swagger/core/v3/swagger-models/2.2.1/swagger-models-2.2.1.jar:/Users/pefepe6/.m2/repository/io/swagger/parser/v3/swagger-parser-core/2.1.1/swagger-parser-core-2.1.1.jar:/Users/pefepe6/.m2/repository/io/swagger/parser/v3/swagger-parser-v3/2.1.1/swagger-parser-v3-2.1.1.jar:/Users/pefepe6/.m2/repository/io/swagger/core/v3/swagger-core/2.2.1/swagger-core-2.2.1.jar:/Users/pefepe6/.m2/repository/jakarta/xml/bind/jakarta.xml.bind-api/2.3.2/jakarta.xml.bind-api-2.3.2.jar:/Users/pefepe6/.m2/repository/jakarta/activation/jakarta.activation-api/1.2.1/jakarta.activation-api-1.2.1.jar:/Users/pefepe6/.m2/repository/com/fasterxml/jackson/datatype/jackson-datatype-jsr310/2.13.2/jackson-datatype-jsr310-2.13.2.jar:/Users/pefepe6/.m2/repository/jakarta/validation/jakarta.validation-api/2.0.2/jakarta.validation-api-2.0.2.jar:/Users/pefepe6/.m2/repository/com/fasterxml/jackson/dataformat/jackson-dataformat-yaml/2.13.2/jackson-dataformat-yaml-2.13.2.jar:/Users/pefepe6/.m2/repository/org/yaml/snakeyaml/1.30/snakeyaml-1.30.jar:/Users/pefepe6/.m2/repository/com/samskivert/jmustache/1.14/jmustache-1.14.jar:/Users/pefepe6/.m2/repository/com/github/jknack/handlebars/4.2.1/handlebars-4.2.1.jar:/Users/pefepe6/.m2/repository/com/github/jknack/handlebars-jackson2/4.2.1/handlebars-jackson2-4.2.1.jar:/Users/pefepe6/.m2/repository/commons-io/commons-io/2.11.0/commons-io-2.11.0.jar:/Users/pefepe6/.m2/repository/org/slf4j/slf4j-ext/1.7.36/slf4j-ext-1.7.36.jar:/Users/pefepe6/.m2/repository/org/slf4j/slf4j-simple/1.7.36/slf4j-simple-1.7.36.jar:/Users/pefepe6/.m2/repository/org/apache/commons/commons-text/1.9/commons-text-1.9.jar:/Users/pefepe6/.m2/repository/commons-cli/commons-cli/1.4/commons-cli-1.4.jar:/Users/pefepe6/.m2/repository/com/google/guava/guava/30.1.1-jre/guava-30.1.1-jre.jar:/Users/pefepe6/.m2/repository/com/google/guava/failureaccess/1.0.1/failureaccess-1.0.1.jar:/Users/pefepe6/.m2/repository/com/google/guava/listenablefuture/9999.0-empty-to-avoid-conflict-with-guava/listenablefuture-9999.0-empty-to-avoid-conflict-with-guava.jar:/Users/pefepe6/.m2/repository/org/checkerframework/checker-qual/3.8.0/checker-qual-3.8.0.jar:/Users/pefepe6/.m2/repository/com/google/errorprone/error_prone_annotations/2.5.1/error_prone_annotations-2.5.1.jar:/Users/pefepe6/.m2/repository/com/google/j2objc/j2objc-annotations/1.3/j2objc-annotations-1.3.jar:/Users/pefepe6/.m2/repository/com/fasterxml/jackson/datatype/jackson-datatype-guava/2.13.4/jackson-datatype-guava-2.13.4.jar:/Users/pefepe6/.m2/repository/com/fasterxml/jackson/core/jackson-core/2.13.4/jackson-core-2.13.4.jar:/Users/pefepe6/.m2/repository/com/atlassian/commonmark/commonmark/0.11.0/commonmark-0.11.0.jar:/Users/pefepe6/.m2/repository/com/github/mifmif/generex/1.0.2/generex-1.0.2.jar:/Users/pefepe6/.m2/repository/dk/brics/automaton/automaton/1.11-8/automaton-1.11-8.jar:/Users/pefepe6/.m2/repository/com/github/curious-odd-man/rgxgen/1.3/rgxgen-1.3.jar:/Users/pefepe6/.m2/repository/com/fasterxml/jackson/core/jackson-databind/2.13.4/jackson-databind-2.13.4.jar:/Users/pefepe6/.m2/repository/com/fasterxml/jackson/core/jackson-annotations/2.13.4/jackson-annotations-2.13.4.jar:/Users/pefepe6/.m2/repository/com/fasterxml/jackson/datatype/jackson-datatype-joda/2.13.4/jackson-datatype-joda-2.13.4.jar:/Users/pefepe6/.m2/repository/com/github/joschi/jackson/jackson-datatype-threetenbp/2.10.0/jackson-datatype-threetenbp-2.10.0.jar:/Users/pefepe6/.m2/repository/org/threeten/threetenbp/1.4.0/threetenbp-1.4.0.jar:/Users/pefepe6/.m2/repository/org/openapitools/openapi-generator-core/6.2.0/openapi-generator-core-6.2.0.jar:/Users/pefepe6/.m2/repository/net/java/dev/jna/jna/5.5.0/jna-5.5.0.jar:/Users/pefepe6/.m2/repository/com/github/ben-manes/caffeine/caffeine/2.8.1/caffeine-2.8.1.jar:/Users/pefepe6/.m2/repository/io/cucumber/cucumber-java/7.12.0/cucumber-java-7.12.0.jar:/Users/pefepe6/.m2/repository/org/apiguardian/apiguardian-api/1.1.2/apiguardian-api-1.1.2.jar:/Users/pefepe6/.m2/repository/io/cucumber/cucumber-junit/7.12.0/cucumber-junit-7.12.0.jar:/Users/pefepe6/.m2/repository/io/cucumber/cucumber-core/7.12.0/cucumber-core-7.12.0.jar:/Users/pefepe6/.m2/repository/io/cucumber/cucumber-gherkin/7.12.0/cucumber-gherkin-7.12.0.jar:/Users/pefepe6/.m2/repository/io/cucumber/cucumber-gherkin-messages/7.12.0/cucumber-gherkin-messages-7.12.0.jar:/Users/pefepe6/.m2/repository/io/cucumber/gherkin/26.2.0/gherkin-26.2.0.jar:/Users/pefepe6/.m2/repository/io/cucumber/messages/22.0.0/messages-22.0.0.jar:/Users/pefepe6/.m2/repository/io/cucumber/tag-expressions/5.0.1/tag-expressions-5.0.1.jar:/Users/pefepe6/.m2/repository/io/cucumber/cucumber-expressions/16.1.2/cucumber-expressions-16.1.2.jar:/Users/pefepe6/.m2/repository/io/cucumber/datatable/7.12.0/datatable-7.12.0.jar:/Users/pefepe6/.m2/repository/io/cucumber/cucumber-plugin/7.12.0/cucumber-plugin-7.12.0.jar:/Users/pefepe6/.m2/repository/io/cucumber/docstring/7.12.0/docstring-7.12.0.jar:/Users/pefepe6/.m2/repository/io/cucumber/html-formatter/20.3.0/html-formatter-20.3.0.jar:/Users/pefepe6/.m2/repository/io/cucumber/junit-xml-formatter/0.2.0/junit-xml-formatter-0.2.0.jar:/Users/pefepe6/.m2/repository/io/cucumber/ci-environment/9.2.0/ci-environment-9.2.0.jar:/Users/pefepe6/.m2/repository/io/cucumber/cucumber-picocontainer/7.12.0/cucumber-picocontainer-7.12.0.jar:/Users/pefepe6/.m2/repository/org/picocontainer/picocontainer/2.15/picocontainer-2.15.jar:/Users/pefepe6/.m2/repository/junit/junit/4.11/junit-4.11.jar:/Users/pefepe6/.m2/repository/org/hamcrest/hamcrest-core/1.3/hamcrest-core-1.3.jar:/Users/pefepe6/.m2/repository/org/assertj/assertj-core/3.23.1/assertj-core-3.23.1.jar:/Users/pefepe6/.m2/repository/net/bytebuddy/byte-buddy/1.12.10/byte-buddy-1.12.10.jar:/Users/pefepe6/.m2/repository/io/rest-assured/rest-assured/5.2.0/rest-assured-5.2.0.jar:/Users/pefepe6/.m2/repository/org/apache/groovy/groovy/4.0.1/groovy-4.0.1.jar:/Users/pefepe6/.m2/repository/org/apache/groovy/groovy-xml/4.0.1/groovy-xml-4.0.1.jar:/Users/pefepe6/.m2/repository/org/apache/httpcomponents/httpclient/4.5.13/httpclient-4.5.13.jar:/Users/pefepe6/.m2/repository/org/apache/httpcomponents/httpcore/4.4.13/httpcore-4.4.13.jar:/Users/pefepe6/.m2/repository/commons-logging/commons-logging/1.2/commons-logging-1.2.jar:/Users/pefepe6/.m2/repository/commons-codec/commons-codec/1.11/commons-codec-1.11.jar:/Users/pefepe6/.m2/repository/org/apache/httpcomponents/httpmime/4.5.13/httpmime-4.5.13.jar:/Users/pefepe6/.m2/repository/org/hamcrest/hamcrest/2.1/hamcrest-2.1.jar:/Users/pefepe6/.m2/repository/org/ccil/cowan/tagsoup/tagsoup/1.2.1/tagsoup-1.2.1.jar:/Users/pefepe6/.m2/repository/io/rest-assured/json-path/5.2.0/json-path-5.2.0.jar:/Users/pefepe6/.m2/repository/org/apache/groovy/groovy-json/4.0.1/groovy-json-4.0.1.jar:/Users/pefepe6/.m2/repository/io/rest-assured/rest-assured-common/5.2.0/rest-assured-common-5.2.0.jar:/Users/pefepe6/.m2/repository/io/rest-assured/xml-path/5.2.0/xml-path-5.2.0.jar:/Users/pefepe6/.m2/repository/net/jodah/failsafe/2.4.4/failsafe-2.4.4.jar:/Users/pefepe6/.m2/repository/ch/qos/logback/logback-core/1.4.4/logback-core-1.4.4.jar:/Users/pefepe6/.m2/repository/org/slf4j/slf4j-api/2.0.3/slf4j-api-2.0.3.jar:/Users/pefepe6/.m2/repository/ch/qos/logback/logback-classic/1.4.4/logback-classic-1.4.4.jar:/Users/pefepe6/.m2/repository/com/google/code/gson/gson/2.10.1/gson-2.10.1.jar:/Users/pefepe6/.m2/repository/io/swagger/swagger-annotations/1.6.8/swagger-annotations-1.6.8.jar:/Users/pefepe6/.m2/repository/io/swagger/core/v3/swagger-annotations/2.2.3/swagger-annotations-2.2.3.jar:/Users/pefepe6/.m2/repository/com/squareup/okhttp/okhttp/2.7.5/okhttp-2.7.5.jar:/Users/pefepe6/.m2/repository/com/squareup/okhttp/logging-interceptor/2.7.5/logging-interceptor-2.7.5.jar:/Users/pefepe6/.m2/repository/com/squareup/okio/okio/3.2.0/okio-3.2.0.jar:/Users/pefepe6/.m2/repository/com/squareup/okio/okio-jvm/3.2.0/okio-jvm-3.2.0.jar:/Users/pefepe6/.m2/repository/org/jetbrains/kotlin/kotlin-stdlib-common/1.6.20/kotlin-stdlib-common-1.6.20.jar:/Users/pefepe6/.m2/repository/org/apache/oltu/oauth2/org.apache.oltu.oauth2.client/1.0.1/org.apache.oltu.oauth2.client-1.0.1.jar:/Users/pefepe6/.m2/repository/org/apache/oltu/oauth2/org.apache.oltu.oauth2.common/1.0.1/org.apache.oltu.oauth2.common-1.0.1.jar:/Users/pefepe6/.m2/repository/org/json/json/20140107/json-20140107.jar:/Users/pefepe6/.m2/repository/org/glassfish/jersey/core/jersey-common/3.0.8/jersey-common-3.0.8.jar:/Users/pefepe6/.m2/repository/jakarta/ws/rs/jakarta.ws.rs-api/3.0.0/jakarta.ws.rs-api-3.0.0.jar:/Users/pefepe6/.m2/repository/jakarta/annotation/jakarta.annotation-api/2.0.0/jakarta.annotation-api-2.0.0.jar:/Users/pefepe6/.m2/repository/jakarta/inject/jakarta.inject-api/2.0.1/jakarta.inject-api-2.0.1.jar:/Users/pefepe6/.m2/repository/org/glassfish/hk2/osgi-resource-locator/1.0.3/osgi-resource-locator-1.0.3.jar:/Users/pefepe6/.m2/repository/javax/ws/rs/javax.ws.rs-api/2.1.1/javax.ws.rs-api-2.1.1.jar:/Users/pefepe6/.m2/repository/javax/annotation/javax.annotation-api/1.3.2/javax.annotation-api-1.3.2.jar:/Users/pefepe6/.m2/repository/io/gsonfire/gson-fire/1.8.5/gson-fire-1.8.5.jar:/Users/pefepe6/.m2/repository/com/squareup/okhttp3/logging-interceptor/4.10.0/logging-interceptor-4.10.0.jar:/Users/pefepe6/.m2/repository/com/squareup/okhttp3/okhttp/4.10.0/okhttp-4.10.0.jar:/Users/pefepe6/.m2/repository/org/jetbrains/kotlin/kotlin-stdlib/1.6.20/kotlin-stdlib-1.6.20.jar:/Users/pefepe6/.m2/repository/org/jetbrains/annotations/13.0/annotations-13.0.jar:/Users/pefepe6/.m2/repository/org/jetbrains/kotlin/kotlin-stdlib-jdk8/1.6.10/kotlin-stdlib-jdk8-1.6.10.jar:/Users/pefepe6/.m2/repository/org/jetbrains/kotlin/kotlin-stdlib-jdk7/1.6.10/kotlin-stdlib-jdk7-1.6.10.jar:/Users/pefepe6/.m2/repository/joda-time/joda-time/2.12.0/joda-time-2.12.0.jar:/Users/pefepe6/.m2/repository/com/google/code/findbugs/jsr305/3.0.2/jsr305-3.0.2.jar:"/>
    <property name="sun.cpu.endian" value="little"/>
    <property name="user.home" value="/Users/pefepe6"/>
    <property name="user.language" value="en"/>
    <property name="java.specification.vendor" value="Oracle Corporation"/>
    <property name="java.version.date" value="2023-04-18"/>
    <property name="java.home" value="/Library/Java/JavaVirtualMachines/jdk-17.jdk/Contents/Home"/>
    <property name="file.separator" value="/"/>
    <property name="basedir" value="/Users/pefepe6/Desktop/VSCodeProjects/swagger-codegen/swagger-demo"/>
    <property name="java.vm.compressedOopsMode" value="Zero based"/>
    <property name="line.separator" value="&#10;"/>
    <property name="java.specification.name" value="Java Platform API Specification"/>
    <property name="java.vm.specification.vendor" value="Oracle Corporation"/>
    <property name="surefire.real.class.path" value="/Users/pefepe6/Desktop/VSCodeProjects/swagger-codegen/swagger-demo/target/surefire/surefirebooter-20230607110235274_3.jar"/>
    <property name="sun.management.compiler" value="HotSpot 64-Bit Tiered Compilers"/>
    <property name="ftp.nonProxyHosts" value="local|*.local|169.254/16|*.169.254/16"/>
    <property name="java.runtime.version" value="17.0.7+8-LTS-224"/>
    <property name="user.name" value="pefepe6"/>
    <property name="path.separator" value=":"/>
    <property name="os.version" value="13.4"/>
    <property name="java.runtime.name" value="Java(TM) SE Runtime Environment"/>
    <property name="file.encoding" value="UTF-8"/>
    <property name="java.vm.name" value="Java HotSpot(TM) 64-Bit Server VM"/>
    <property name="localRepository" value="/Users/pefepe6/.m2/repository"/>
    <property name="java.vendor.url.bug" value="https://bugreport.java.com/bugreport/"/>
    <property name="java.io.tmpdir" value="/var/folders/6k/nklczvps7438vnckvtrg0q480000gn/T/"/>
    <property name="java.version" value="17.0.7"/>
    <property name="user.dir" value="/Users/pefepe6/Desktop/VSCodeProjects/swagger-codegen/swagger-demo"/>
    <property name="os.arch" value="aarch64"/>
    <property name="java.vm.specification.name" value="Java Virtual Machine Specification"/>
    <property name="native.encoding" value="UTF-8"/>
    <property name="java.library.path" value="/Users/pefepe6/Library/Java/Extensions:/Library/Java/Extensions:/Network/Library/Java/Extensions:/System/Library/Java/Extensions:/usr/lib/java:."/>
    <property name="java.vm.info" value="mixed mode, sharing"/>
    <property name="java.vendor" value="Oracle Corporation"/>
    <property name="java.vm.version" value="17.0.7+8-LTS-224"/>
    <property name="sun.io.unicode.encoding" value="UnicodeBig"/>
    <property name="socksNonProxyHosts" value="local|*.local|169.254/16|*.169.254/16"/>
    <property name="java.class.version" value="61.0"/>
  </properties>
  <testcase name="Get pet by id" classname="Petstore workshop pet" time="1.843">
    <system-out><![CDATA[class Pet {
    id: 81360415
    category: class Category {
        id: 81360415
        name: bull
    }
    name: Olivia
    photoUrls: null
    tags: null
    status: available
}
]]></system-out>
  </testcase>
  <testcase name="Update the user" classname="Petstore workshop user" time="3.009"/>
  <testcase name="Delete the user" classname="Petstore workshop user" time="2.26"/>
</testsuite>